<?xml version="1.0" encoding="UTF-8"?>
<testng-results ignored="0" total="3" passed="3" failed="0" skipped="0">
  <reporter-output>
  </reporter-output>
  <suite started-at="2019-12-05T22:04:15 EST" name="Default suite" finished-at="2019-12-05T22:04:15 EST" duration-ms="128">
    <groups>
    </groups>
    <test started-at="2019-12-05T22:04:15 EST" name="Default test" finished-at="2019-12-05T22:04:15 EST" duration-ms="128">
      <class name="seleniumwithTestNG.TestNGClass">
        <test-method is-config="true" signature="beforetest_demo()[pri:0, instance:seleniumwithTestNG.TestNGClass@2b6856dd]" started-at="2019-12-05T22:04:15 EST" name="beforetest_demo" finished-at="2019-12-05T22:04:15 EST" duration-ms="15" status="PASS">
          <reporter-output>
          </reporter-output>
        </test-method> <!-- beforetest_demo -->
        <test-method is-config="true" signature="beforemethod_demo()[pri:0, instance:seleniumwithTestNG.TestNGClass@2b6856dd]" started-at="2019-12-05T22:04:15 EST" name="beforemethod_demo" finished-at="2019-12-05T22:04:15 EST" duration-ms="1" status="PASS">
          <reporter-output>
          </reporter-output>
        </test-method> <!-- beforemethod_demo -->
        <test-method signature="f1()[pri:0, instance:seleniumwithTestNG.TestNGClass@2b6856dd]" started-at="2019-12-05T22:04:15 EST" name="f1" finished-at="2019-12-05T22:04:15 EST" duration-ms="12" status="PASS">
          <reporter-output>
          </reporter-output>
        </test-method> <!-- f1 -->
        <test-method is-config="true" signature="aftermethod_demo()[pri:0, instance:seleniumwithTestNG.TestNGClass@2b6856dd]" started-at="2019-12-05T22:04:15 EST" name="aftermethod_demo" finished-at="2019-12-05T22:04:15 EST" duration-ms="2" status="PASS">
          <reporter-output>
          </reporter-output>
        </test-method> <!-- aftermethod_demo -->
        <test-method is-config="true" signature="beforemethod_demo()[pri:0, instance:seleniumwithTestNG.TestNGClass@2b6856dd]" started-at="2019-12-05T22:04:15 EST" name="beforemethod_demo" finished-at="2019-12-05T22:04:15 EST" duration-ms="0" status="PASS">
          <reporter-output>
          </reporter-output>
        </test-method> <!-- beforemethod_demo -->
        <test-method signature="f2()[pri:0, instance:seleniumwithTestNG.TestNGClass@2b6856dd]" started-at="2019-12-05T22:04:15 EST" name="f2" finished-at="2019-12-05T22:04:15 EST" duration-ms="4" status="PASS">
          <reporter-output>
          </reporter-output>
        </test-method> <!-- f2 -->
        <test-method is-config="true" signature="aftermethod_demo()[pri:0, instance:seleniumwithTestNG.TestNGClass@2b6856dd]" started-at="2019-12-05T22:04:15 EST" name="aftermethod_demo" finished-at="2019-12-05T22:04:15 EST" duration-ms="1" status="PASS">
          <reporter-output>
          </reporter-output>
        </test-method> <!-- aftermethod_demo -->
        <test-method is-config="true" signature="beforemethod_demo()[pri:0, instance:seleniumwithTestNG.TestNGClass@2b6856dd]" started-at="2019-12-05T22:04:15 EST" name="beforemethod_demo" finished-at="2019-12-05T22:04:15 EST" duration-ms="4" status="PASS">
          <reporter-output>
          </reporter-output>
        </test-method> <!-- beforemethod_demo -->
        <test-method signature="f3()[pri:0, instance:seleniumwithTestNG.TestNGClass@2b6856dd]" started-at="2019-12-05T22:04:15 EST" name="f3" finished-at="2019-12-05T22:04:15 EST" duration-ms="3" status="PASS">
          <reporter-output>
          </reporter-output>
        </test-method> <!-- f3 -->
        <test-method is-config="true" signature="aftermethod_demo()[pri:0, instance:seleniumwithTestNG.TestNGClass@2b6856dd]" started-at="2019-12-05T22:04:15 EST" name="aftermethod_demo" finished-at="2019-12-05T22:04:15 EST" duration-ms="1" status="PASS">
          <reporter-output>
          </reporter-output>
        </test-method> <!-- aftermethod_demo -->
        <test-method is-config="true" signature="aftertest_Demo()[pri:0, instance:seleniumwithTestNG.TestNGClass@2b6856dd]" started-at="2019-12-05T22:04:15 EST" name="aftertest_Demo" finished-at="2019-12-05T22:04:15 EST" duration-ms="1" status="PASS">
          <reporter-output>
          </reporter-output>
        </test-method> <!-- aftertest_Demo -->
      </class> <!-- seleniumwithTestNG.TestNGClass -->
    </test> <!-- Default test -->
  </suite> <!-- Default suite -->
</testng-results>
