<?xml version="1.0" encoding="UTF-8"?>
<!-- Generated by org.testng.reporters.JUnitXMLReporter -->
<testsuite ignored="0" hostname="LAPTOP-C2RA5JIE" failures="0" tests="3" name="Default test" time="0.128" errors="0" timestamp="2019-12-05T22:04:15 EST">
  <testcase classname="seleniumwithTestNG.TestNGClass" name="f1" time="0.012"/>
  <testcase classname="seleniumwithTestNG.TestNGClass" name="f2" time="0.004"/>
  <testcase classname="seleniumwithTestNG.TestNGClass" name="f3" time="0.003"/>
</testsuite> <!-- Default test -->
